#
# There is insufficient memory for the Java Runtime Environment to continue.
# Native memory allocation (malloc) failed to allocate 32744 bytes for ChunkPool::allocate
# Possible reasons:
#   The system is out of physical RAM or swap space
#   In 32 bit mode, the process size limit was hit
# Possible solutions:
#   Reduce memory load on the system
#   Increase physical memory or swap space
#   Check if swap backing store is full
#   Use 64 bit Java on a 64 bit OS
#   Decrease Java heap size (-Xmx/-Xms)
#   Decrease number of Java threads
#   Decrease Java thread stack sizes (-Xss)
#   Set larger code cache with -XX:ReservedCodeCacheSize=
# This output file may be truncated or incomplete.
#
#  Out of Memory Error (allocation.cpp:273), pid=2040, tid=0x0000000000000460
#
# JRE version: Java(TM) SE Runtime Environment (8.0_171-b11) (build 1.8.0_171-b11)
# Java VM: Java HotSpot(TM) 64-Bit Server VM (25.171-b11 mixed mode windows-amd64 compressed oops)
# Failed to write core dump. Minidumps are not enabled by default on client versions of Windows
#

---------------  T H R E A D  ---------------

Current thread (0x000000001699a800):  JavaThread "C2 CompilerThread0" daemon [_thread_in_native, id=1120, stack(0x0000000017ad0000,0x0000000017bd0000)]

Stack: [0x0000000017ad0000,0x0000000017bd0000]
[error occurred during error reporting (printing stack bounds), id 0xc0000005]

Native frames: (J=compiled Java code, j=interpreted, Vv=VM code, C=native code)


Current CompileTask:
C2:  10359 2154       4       java.net.URLClassLoader$1::run (5 bytes)


---------------  P R O C E S S  ---------------

Java Threads: ( => current thread )
  0x0000000016a07800 JavaThread "Service Thread" daemon [_thread_blocked, id=6992, stack(0x0000000017cd0000,0x0000000017dd0000)]
  0x000000001699d800 JavaThread "C1 CompilerThread1" daemon [_thread_blocked, id=4788, stack(0x0000000017bd0000,0x0000000017cd0000)]
=>0x000000001699a800 JavaThread "C2 CompilerThread0" daemon [_thread_in_native, id=1120, stack(0x0000000017ad0000,0x0000000017bd0000)]
  0x0000000016994800 JavaThread "Attach Listener" daemon [_thread_blocked, id=1664, stack(0x00000000179d0000,0x0000000017ad0000)]
  0x0000000016991800 JavaThread "Signal Dispatcher" daemon [_thread_blocked, id=2324, stack(0x00000000178d0000,0x00000000179d0000)]
  0x0000000016978800 JavaThread "Finalizer" daemon [_thread_blocked, id=7120, stack(0x00000000175d0000,0x00000000176d0000)]
  0x00000000045dd800 JavaThread "Reference Handler" daemon [_thread_blocked, id=5768, stack(0x00000000174d0000,0x00000000175d0000)]
  0x00000000044ee800 JavaThread "main" [_thread_in_native, id=5700, stack(0x0000000004380000,0x0000000004480000)]

Other Threads:
  0x0000000016957000 VMThread [stack: 0x00000000173d0000,0x00000000174d0000] [id=3936]
  0x0000000016a0a800 WatcherThread [stack: 0x00000000181c0000,0x00000000182c0000] [id=324]

VM state:not at safepoint (normal execution)

VM Mutex/Monitor currently owned by a thread: None

Heap:
 PSYoungGen      total 22016K, used 4501K [0x00000000eb380000, 0x00000000ece80000, 0x0000000100000000)
  eden space 16384K, 2% used [0x00000000eb380000,0x00000000eb3dd228,0x00000000ec380000)
  from space 5632K, 73% used [0x00000000ec380000,0x00000000ec7882b0,0x00000000ec900000)
  to   space 5632K, 0% used [0x00000000ec900000,0x00000000ec900000,0x00000000ece80000)
 ParOldGen       total 44032K, used 7224K [0x00000000c1a00000, 0x00000000c4500000, 0x00000000eb380000)
  object space 44032K, 16% used [0x00000000c1a00000,0x00000000c210e058,0x00000000c4500000)
 Metaspace       used 16919K, capacity 17372K, committed 17664K, reserved 1064960K
  class space    used 2106K, capacity 2225K, committed 2304K, reserved 1048576K

Card table byte_map: [0x00000000139b0000,0x0000000013bb0000] byte_map_base: 0x00000000133a3000

Marking Bits: (ParMarkBitMap*) 0x00000000600508c0
 Begin Bits: [0x0000000013f00000, 0x0000000014e98000)
 End Bits:   [0x0000000014e98000, 0x0000000015e30000)

Polling page: 0x0000000002b30000

CodeCache: size=245760Kb used=7544Kb max_used=7554Kb free=238215Kb
 bounds [0x00000000045f0000, 0x0000000004d60000, 0x00000000135f0000]
 total_blobs=2514 nmethods=2166 adapters=262
 compilation: enabled

Compilation events (10 events):
Event: 10.227 Thread 0x000000001699d800 2171       3       java.lang.Class::newReflectionData (74 bytes)
Event: 10.228 Thread 0x000000001699d800 nmethod 2171 0x0000000004d3f1d0 code [0x0000000004d3f3a0, 0x0000000004d3fd50]
Event: 10.254 Thread 0x000000001699d800 2172       3       com.sun.tools.javac.util.Context::checkState (13 bytes)
Event: 10.254 Thread 0x000000001699d800 nmethod 2172 0x0000000004d55850 code [0x0000000004d559c0, 0x0000000004d55be8]
Event: 10.261 Thread 0x000000001699d800 2173       1       com.sun.tools.javac.util.SharedNameTable$NameImpl::getIndex (5 bytes)
Event: 10.261 Thread 0x000000001699d800 nmethod 2173 0x0000000004d55cd0 code [0x0000000004d55e20, 0x0000000004d55f30]
Event: 10.298 Thread 0x000000001699d800 2174       3       com.sun.tools.javac.util.Context::uncheckedCast (2 bytes)
Event: 10.298 Thread 0x000000001699d800 nmethod 2174 0x0000000004d56390 code [0x0000000004d564e0, 0x0000000004d56610]
Event: 10.322 Thread 0x000000001699d800 2175       3       com.sun.tools.javac.util.Context::get (82 bytes)
Event: 10.323 Thread 0x000000001699d800 nmethod 2175 0x0000000004d56690 code [0x0000000004d568c0, 0x0000000004d57498]

GC Heap History (10 events):
Event: 6.226 GC heap before
{Heap before GC invocations=3 (full 0):
 PSYoungGen      total 18944K, used 18910K [0x00000000eb380000, 0x00000000ec880000, 0x0000000100000000)
  eden space 16384K, 99% used [0x00000000eb380000,0x00000000ec37f590,0x00000000ec380000)
  from space 2560K, 98% used [0x00000000ec600000,0x00000000ec878580,0x00000000ec880000)
  to   space 2560K, 0% used [0x00000000ec380000,0x00000000ec380000,0x00000000ec600000)
 ParOldGen       total 44032K, used 765K [0x00000000c1a00000, 0x00000000c4500000, 0x00000000eb380000)
  object space 44032K, 1% used [0x00000000c1a00000,0x00000000c1abf700,0x00000000c4500000)
 Metaspace       used 9790K, capacity 9960K, committed 10112K, reserved 1058816K
  class space    used 1251K, capacity 1313K, committed 1408K, reserved 1048576K
Event: 6.235 GC heap after
Heap after GC invocations=3 (full 0):
 PSYoungGen      total 18944K, used 2545K [0x00000000eb380000, 0x00000000ec880000, 0x0000000100000000)
  eden space 16384K, 0% used [0x00000000eb380000,0x00000000eb380000,0x00000000ec380000)
  from space 2560K, 99% used [0x00000000ec380000,0x00000000ec5fc798,0x00000000ec600000)
  to   space 2560K, 0% used [0x00000000ec600000,0x00000000ec600000,0x00000000ec880000)
 ParOldGen       total 44032K, used 2383K [0x00000000c1a00000, 0x00000000c4500000, 0x00000000eb380000)
  object space 44032K, 5% used [0x00000000c1a00000,0x00000000c1c53cb8,0x00000000c4500000)
 Metaspace       used 9790K, capacity 9960K, committed 10112K, reserved 1058816K
  class space    used 1251K, capacity 1313K, committed 1408K, reserved 1048576K
}
Event: 7.179 GC heap before
{Heap before GC invocations=4 (full 0):
 PSYoungGen      total 18944K, used 18929K [0x00000000eb380000, 0x00000000ec880000, 0x0000000100000000)
  eden space 16384K, 100% used [0x00000000eb380000,0x00000000ec380000,0x00000000ec380000)
  from space 2560K, 99% used [0x00000000ec380000,0x00000000ec5fc798,0x00000000ec600000)
  to   space 2560K, 0% used [0x00000000ec600000,0x00000000ec600000,0x00000000ec880000)
 ParOldGen       total 44032K, used 2383K [0x00000000c1a00000, 0x00000000c4500000, 0x00000000eb380000)
  object space 44032K, 5% used [0x00000000c1a00000,0x00000000c1c53cb8,0x00000000c4500000)
 Metaspace       used 12357K, capacity 12548K, committed 12928K, reserved 1060864K
  class space    used 1512K, capacity 1579K, committed 1664K, reserved 1048576K
Event: 7.197 GC heap after
Heap after GC invocations=4 (full 0):
 PSYoungGen      total 18944K, used 2528K [0x00000000eb380000, 0x00000000ec880000, 0x0000000100000000)
  eden space 16384K, 0% used [0x00000000eb380000,0x00000000eb380000,0x00000000ec380000)
  from space 2560K, 98% used [0x00000000ec600000,0x00000000ec878020,0x00000000ec880000)
  to   space 2560K, 0% used [0x00000000ec380000,0x00000000ec380000,0x00000000ec600000)
 ParOldGen       total 44032K, used 5045K [0x00000000c1a00000, 0x00000000c4500000, 0x00000000eb380000)
  object space 44032K, 11% used [0x00000000c1a00000,0x00000000c1eed6f8,0x00000000c4500000)
 Metaspace       used 12357K, capacity 12548K, committed 12928K, reserved 1060864K
  class space    used 1512K, capacity 1579K, committed 1664K, reserved 1048576K
}
Event: 7.901 GC heap before
{Heap before GC invocations=5 (full 0):
 PSYoungGen      total 18944K, used 18912K [0x00000000eb380000, 0x00000000ec880000, 0x0000000100000000)
  eden space 16384K, 100% used [0x00000000eb380000,0x00000000ec380000,0x00000000ec380000)
  from space 2560K, 98% used [0x00000000ec600000,0x00000000ec878020,0x00000000ec880000)
  to   space 2560K, 0% used [0x00000000ec380000,0x00000000ec380000,0x00000000ec600000)
 ParOldGen       total 44032K, used 5045K [0x00000000c1a00000, 0x00000000c4500000, 0x00000000eb380000)
  object space 44032K, 11% used [0x00000000c1a00000,0x00000000c1eed6f8,0x00000000c4500000)
 Metaspace       used 12836K, capacity 13080K, committed 13184K, reserved 1060864K
  class space    used 1568K, capacity 1621K, committed 1664K, reserved 1048576K
Event: 7.911 GC heap after
Heap after GC invocations=5 (full 0):
 PSYoungGen      total 18944K, used 2544K [0x00000000eb380000, 0x00000000ece80000, 0x0000000100000000)
  eden space 16384K, 0% used [0x00000000eb380000,0x00000000eb380000,0x00000000ec380000)
  from space 2560K, 99% used [0x00000000ec380000,0x00000000ec5fc010,0x00000000ec600000)
  to   space 5632K, 0% used [0x00000000ec900000,0x00000000ec900000,0x00000000ece80000)
 ParOldGen       total 44032K, used 6712K [0x00000000c1a00000, 0x00000000c4500000, 0x00000000eb380000)
  object space 44032K, 15% used [0x00000000c1a00000,0x00000000c208e008,0x00000000c4500000)
 Metaspace       used 12836K, capacity 13080K, committed 13184K, reserved 1060864K
  class space    used 1568K, capacity 1621K, committed 1664K, reserved 1048576K
}
Event: 9.089 GC heap before
{Heap before GC invocations=6 (full 0):
 PSYoungGen      total 18944K, used 18928K [0x00000000eb380000, 0x00000000ece80000, 0x0000000100000000)
  eden space 16384K, 100% used [0x00000000eb380000,0x00000000ec380000,0x00000000ec380000)
  from space 2560K, 99% used [0x00000000ec380000,0x00000000ec5fc010,0x00000000ec600000)
  to   space 5632K, 0% used [0x00000000ec900000,0x00000000ec900000,0x00000000ece80000)
 ParOldGen       total 44032K, used 6712K [0x00000000c1a00000, 0x00000000c4500000, 0x00000000eb380000)
  object space 44032K, 15% used [0x00000000c1a00000,0x00000000c208e008,0x00000000c4500000)
 Metaspace       used 13182K, capacity 13528K, committed 13824K, reserved 1060864K
  class space    used 1607K, capacity 1665K, committed 1792K, reserved 1048576K
Event: 9.100 GC heap after
Heap after GC invocations=6 (full 0):
 PSYoungGen      total 22016K, used 3504K [0x00000000eb380000, 0x00000000ece80000, 0x0000000100000000)
  eden space 16384K, 0% used [0x00000000eb380000,0x00000000eb380000,0x00000000ec380000)
  from space 5632K, 62% used [0x00000000ec900000,0x00000000ecc6c010,0x00000000ece80000)
  to   space 5632K, 0% used [0x00000000ec380000,0x00000000ec380000,0x00000000ec900000)
 ParOldGen       total 44032K, used 6712K [0x00000000c1a00000, 0x00000000c4500000, 0x00000000eb380000)
  object space 44032K, 15% used [0x00000000c1a00000,0x00000000c208e008,0x00000000c4500000)
 Metaspace       used 13182K, capacity 13528K, committed 13824K, reserved 1060864K
  class space    used 1607K, capacity 1665K, committed 1792K, reserved 1048576K
}
Event: 10.300 GC heap before
{Heap before GC invocations=7 (full 0):
 PSYoungGen      total 22016K, used 19888K [0x00000000eb380000, 0x00000000ece80000, 0x0000000100000000)
  eden space 16384K, 100% used [0x00000000eb380000,0x00000000ec380000,0x00000000ec380000)
  from space 5632K, 62% used [0x00000000ec900000,0x00000000ecc6c010,0x00000000ece80000)
  to   space 5632K, 0% used [0x00000000ec380000,0x00000000ec380000,0x00000000ec900000)
 ParOldGen       total 44032K, used 6712K [0x00000000c1a00000, 0x00000000c4500000, 0x00000000eb380000)
  object space 44032K, 15% used [0x00000000c1a00000,0x00000000c208e008,0x00000000c4500000)
 Metaspace       used 16795K, capacity 17212K, committed 17408K, reserved 1064960K
  class space    used 2090K, capacity 2193K, committed 2304K, reserved 1048576K
Event: 10.314 GC heap after
Heap after GC invocations=7 (full 0):
 PSYoungGen      total 22016K, used 4128K [0x00000000eb380000, 0x00000000ece80000, 0x0000000100000000)
  eden space 16384K, 0% used [0x00000000eb380000,0x00000000eb380000,0x00000000ec380000)
  from space 5632K, 73% used [0x00000000ec380000,0x00000000ec7882b0,0x00000000ec900000)
  to   space 5632K, 0% used [0x00000000ec900000,0x00000000ec900000,0x00000000ece80000)
 ParOldGen       total 44032K, used 7224K [0x00000000c1a00000, 0x00000000c4500000, 0x00000000eb380000)
  object space 44032K, 16% used [0x00000000c1a00000,0x00000000c210e058,0x00000000c4500000)
 Metaspace       used 16795K, capacity 17212K, committed 17408K, reserved 1064960K
  class space    used 2090K, capacity 2193K, committed 2304K, reserved 1048576K
}

Deoptimization events (10 events):
Event: 6.951 Thread 0x00000000044ee800 Uncommon trap: reason=unstable_if action=reinterpret pc=0x0000000004a67f14 method=org.codehaus.plexus.util.xml.pull.MXParser.nextImpl()I @ 960
Event: 6.986 Thread 0x00000000044ee800 Uncommon trap: reason=unstable_if action=reinterpret pc=0x00000000049c1b00 method=java.util.HashMap.hash(Ljava/lang/Object;)I @ 1
Event: 6.986 Thread 0x00000000044ee800 Uncommon trap: reason=unstable_if action=reinterpret pc=0x000000000497d2e8 method=java.util.HashMap.hash(Ljava/lang/Object;)I @ 1
Event: 7.155 Thread 0x00000000044ee800 Uncommon trap: reason=null_check action=make_not_entrant pc=0x0000000004ac89c0 method=org.apache.maven.model.io.xpp3.MavenXpp3Reader.checkFieldWithDuplicate(Lorg/codehaus/plexus/util/xml/pull/XmlPullParser;Ljava/lang/String;Ljava/lang/String;Ljava/util/Se
Event: 7.308 Thread 0x00000000044ee800 Uncommon trap: reason=unstable_if action=reinterpret pc=0x0000000004ac4058 method=java.util.concurrent.ConcurrentHashMap.get(Ljava/lang/Object;)Ljava/lang/Object; @ 127
Event: 7.369 Thread 0x00000000044ee800 Uncommon trap: reason=unstable_if action=reinterpret pc=0x0000000004ab2220 method=org.codehaus.plexus.util.xml.pull.MXParser.nextImpl()I @ 912
Event: 7.632 Thread 0x00000000044ee800 Uncommon trap: reason=unstable_if action=reinterpret pc=0x0000000004b00088 method=java.lang.String.trim()Ljava/lang/String; @ 63
Event: 7.681 Thread 0x00000000044ee800 Uncommon trap: reason=unstable_if action=reinterpret pc=0x0000000004993fcc method=java.util.HashMap.hash(Ljava/lang/Object;)I @ 1
Event: 7.709 Thread 0x00000000044ee800 Uncommon trap: reason=class_check action=maybe_recompile pc=0x0000000004961078 method=java.util.HashMap.putVal(ILjava/lang/Object;Ljava/lang/Object;ZZ)Ljava/lang/Object; @ 203
Event: 9.304 Thread 0x00000000044ee800 Uncommon trap: reason=unstable_if action=reinterpret pc=0x0000000004cb8e40 method=java.util.IdentityHashMap.nextKeyIndex(II)I @ 4

Classes redefined (0 events):
No events

Internal exceptions (10 events):
Event: 5.277 Thread 0x00000000044ee800 Exception <a 'java/lang/NoClassDefFoundError': org/slf4j/Logger> (0x00000000eb3b06a8) thrown at [C:\re\workspace\8-2-build-windows-amd64-cygwin\jdk8u171\10807\hotspot\src\share\vm\classfile\systemDictionary.cpp, line 199]
Event: 5.444 Thread 0x00000000044ee800 Exception <a 'java/lang/NoClassDefFoundError': org/slf4j/LoggerFactory> (0x00000000eb653438) thrown at [C:\re\workspace\8-2-build-windows-amd64-cygwin\jdk8u171\10807\hotspot\src\share\vm\classfile\systemDictionary.cpp, line 199]
Event: 5.444 Thread 0x00000000044ee800 Exception <a 'java/lang/NoClassDefFoundError'> (0x00000000eb653438) thrown at [C:\re\workspace\8-2-build-windows-amd64-cygwin\jdk8u171\10807\hotspot\src\share\vm\oops\instanceKlass.cpp, line 959]
Event: 6.986 Thread 0x00000000044ee800 Implicit null exception at 0x00000000049c1915 to 0x00000000049c1af1
Event: 6.986 Thread 0x00000000044ee800 Implicit null exception at 0x000000000497d26f to 0x000000000497d2d9
Event: 7.155 Thread 0x00000000044ee800 Implicit null exception at 0x0000000004ac79dc to 0x0000000004ac89b5
Event: 7.681 Thread 0x00000000044ee800 Implicit null exception at 0x00000000049938bb to 0x0000000004993fb1
Event: 7.887 Thread 0x00000000044ee800 Exception <a 'java/lang/NoClassDefFoundError': org/slf4j/Logger> (0x00000000ec2f7620) thrown at [C:\re\workspace\8-2-build-windows-amd64-cygwin\jdk8u171\10807\hotspot\src\share\vm\oops\constantPool.cpp, line 235]
Event: 9.086 Thread 0x00000000044ee800 Exception <a 'java/lang/NoClassDefFoundError': org/slf4j/Logger> (0x00000000ec36e130) thrown at [C:\re\workspace\8-2-build-windows-amd64-cygwin\jdk8u171\10807\hotspot\src\share\vm\oops\constantPool.cpp, line 235]
Event: 9.588 Thread 0x00000000044ee800 Exception <a 'java/lang/NoClassDefFoundError': org/slf4j/Logger> (0x00000000eb965ab0) thrown at [C:\re\workspace\8-2-build-windows-amd64-cygwin\jdk8u171\10807\hotspot\src\share\vm\oops\constantPool.cpp, line 235]

Events (10 events):
Event: 10.318 Executing VM operation: RevokeBias done
Event: 10.318 Executing VM operation: RevokeBias
Event: 10.318 Executing VM operation: RevokeBias done
Event: 10.323 Thread 0x000000001699d800 flushing nmethod 0x00000000046ef490
Event: 10.323 Thread 0x000000001699d800 flushing nmethod 0x00000000046ef990
Event: 10.323 Thread 0x000000001699d800 flushing nmethod 0x00000000046f2950
Event: 10.323 Thread 0x000000001699d800 flushing nmethod 0x00000000046fc7d0
Event: 10.323 Thread 0x000000001699d800 flushing nmethod 0x00000000046fd550
Event: 10.323 Thread 0x000000001699d800 flushing nmethod 0x00000000046ff390
Event: 10.323 Thread 0x000000001699d800 flushing nmethod 0x00000000047060d0


Dynamic libraries:
0x00007ff681e00000 - 0x00007ff681e37000 	C:\Program Files\Java\jdk1.8.0_171\bin\java.exe
0x00007ffe41190000 - 0x00007ffe41370000 	C:\Windows\SYSTEM32\ntdll.dll
0x00007ffe3ece0000 - 0x00007ffe3ed8e000 	C:\Windows\System32\KERNEL32.DLL
0x00007ffe3d9f0000 - 0x00007ffe3dc56000 	C:\Windows\System32\KERNELBASE.dll
0x00007ffe40600000 - 0x00007ffe406a1000 	C:\Windows\System32\ADVAPI32.dll
0x00007ffe40ad0000 - 0x00007ffe40b6d000 	C:\Windows\System32\msvcrt.dll
0x00007ffe40b70000 - 0x00007ffe40bcb000 	C:\Windows\System32\sechost.dll
0x00007ffe3edf0000 - 0x00007ffe3ef0f000 	C:\Windows\System32\RPCRT4.dll
0x00007ffe40750000 - 0x00007ffe408df000 	C:\Windows\System32\USER32.dll
0x00007ffe3dc60000 - 0x00007ffe3dc80000 	C:\Windows\System32\win32u.dll
0x00007ffe3eab0000 - 0x00007ffe3ead8000 	C:\Windows\System32\GDI32.dll
0x00007ffe3dd70000 - 0x00007ffe3df03000 	C:\Windows\System32\gdi32full.dll
0x00007ffe3dcd0000 - 0x00007ffe3dd6b000 	C:\Windows\System32\msvcp_win.dll
0x00007ffe3d590000 - 0x00007ffe3d686000 	C:\Windows\System32\ucrtbase.dll
0x00007ffe33c50000 - 0x00007ffe33eb9000 	C:\Windows\WinSxS\amd64_microsoft.windows.common-controls_6595b64144ccf1df_6.0.16299.492_none_15c8d3609364b9b0\COMCTL32.dll
0x00007ffe40be0000 - 0x00007ffe40ee7000 	C:\Windows\System32\combase.dll
0x00007ffe3d8c0000 - 0x00007ffe3d932000 	C:\Windows\System32\bcryptPrimitives.dll
0x00007ffe3ef90000 - 0x00007ffe3efbd000 	C:\Windows\System32\IMM32.DLL
0x000000005f750000 - 0x000000005f822000 	C:\Program Files\Java\jdk1.8.0_171\jre\bin\msvcr100.dll
0x000000005f830000 - 0x00000000600d0000 	C:\Program Files\Java\jdk1.8.0_171\jre\bin\server\jvm.dll
0x00007ffe3ef10000 - 0x00007ffe3ef18000 	C:\Windows\System32\PSAPI.DLL
0x00007ffe2bca0000 - 0x00007ffe2bca9000 	C:\Windows\SYSTEM32\WSOCK32.dll
0x00007ffe3f130000 - 0x00007ffe3f19c000 	C:\Windows\System32\WS2_32.dll
0x00007ffe3b710000 - 0x00007ffe3b733000 	C:\Windows\SYSTEM32\WINMM.dll
0x00007ffe36880000 - 0x00007ffe3688a000 	C:\Windows\SYSTEM32\VERSION.dll
0x00007ffe3b6c0000 - 0x00007ffe3b6ea000 	C:\Windows\SYSTEM32\WINMMBASE.dll
0x00007ffe3dc80000 - 0x00007ffe3dcca000 	C:\Windows\System32\cfgmgr32.dll
0x000000005f700000 - 0x000000005f70f000 	C:\Program Files\Java\jdk1.8.0_171\jre\bin\verify.dll
0x000000005f6d0000 - 0x000000005f6f9000 	C:\Program Files\Java\jdk1.8.0_171\jre\bin\java.dll
0x000000005f6b0000 - 0x000000005f6c6000 	C:\Program Files\Java\jdk1.8.0_171\jre\bin\zip.dll
0x00007ffe3f1a0000 - 0x00007ffe405d8000 	C:\Windows\System32\SHELL32.dll
0x00007ffe3ec30000 - 0x00007ffe3ecd6000 	C:\Windows\System32\shcore.dll
0x00007ffe3df10000 - 0x00007ffe3e657000 	C:\Windows\System32\windows.storage.dll
0x00007ffe3ed90000 - 0x00007ffe3ede1000 	C:\Windows\System32\shlwapi.dll
0x00007ffe3d570000 - 0x00007ffe3d581000 	C:\Windows\System32\kernel.appcore.dll
0x00007ffe3d500000 - 0x00007ffe3d54c000 	C:\Windows\System32\powrprof.dll
0x00007ffe3d550000 - 0x00007ffe3d56b000 	C:\Windows\System32\profapi.dll
0x000000005f690000 - 0x000000005f6aa000 	C:\Program Files\Java\jdk1.8.0_171\jre\bin\net.dll
0x00007ffe3cd10000 - 0x00007ffe3cd76000 	C:\Windows\system32\mswsock.dll
0x000000005f670000 - 0x000000005f681000 	C:\Program Files\Java\jdk1.8.0_171\jre\bin\nio.dll

VM Arguments:
jvm_args: -Dclassworlds.conf=C:\Program Files\NetBeans 8.2\java\maven\bin\m2.conf -Dmaven.home=C:\Program Files\NetBeans 8.2\java\maven 
java_command: org.codehaus.plexus.classworlds.launcher.Launcher -Dmaven.ext.class.path=C:\Program Files\NetBeans 8.2\java\maven-nblib\netbeans-eventspy.jar -Dfile.encoding=UTF-8 clean install
java_class_path (initial): C:\Program Files\NetBeans 8.2\java\maven\boot\plexus-classworlds-2.4.jar
Launcher Type: SUN_STANDARD

Environment Variables:
JAVA_HOME=C:\Program Files\Java\jdk1.8.0_171
PATH=C:\Program Files\Java\jdk1.8.0_171\bin;C:\Windows\system32;C:\Windows;C:\Windows\System32\Wbem;C:\Windows\System32\WindowsPowerShell\v1.0\;C:\Program Files\PuTTY\;C:\Program Files (x86)\Common Files\Oracle\Java\javapath;C:\Users\student02\AppData\Local\Microsoft\WindowsApps;
USERNAME=hovercat
OS=Windows_NT
PROCESSOR_IDENTIFIER=Intel64 Family 6 Model 23 Stepping 10, GenuineIntel



---------------  S Y S T E M  ---------------

OS: Windows 10.0 , 64 bit Build 16299 (10.0.16299.431)

CPU:total 2 (initial active 2) (2 cores per cpu, 1 threads per core) family 6 model 23 stepping 10, cmov, cx8, fxsr, mmx, sse, sse2, sse3, ssse3, sse4.1, tsc

Memory: 4k page, physical 4085508k(562284k free), swap 4085508k(4252k free)

vm_info: Java HotSpot(TM) 64-Bit Server VM (25.171-b11) for windows-amd64 JRE (1.8.0_171-b11), built on Mar 28 2018 16:06:12 by "java_re" with MS VC++ 10.0 (VS2010)

time: Thu Jun 14 15:19:59 2018
elapsed time: 10 seconds (0d 0h 0m 10s)

