#
# There is insufficient memory for the Java Runtime Environment to continue.
# Native memory allocation (malloc) failed to allocate 1423376 bytes for Chunk::new
# Possible reasons:
#   The system is out of physical RAM or swap space
#   In 32 bit mode, the process size limit was hit
# Possible solutions:
#   Reduce memory load on the system
#   Increase physical memory or swap space
#   Check if swap backing store is full
#   Use 64 bit Java on a 64 bit OS
#   Decrease Java heap size (-Xmx/-Xms)
#   Decrease number of Java threads
#   Decrease Java thread stack sizes (-Xss)
#   Set larger code cache with -XX:ReservedCodeCacheSize=
# This output file may be truncated or incomplete.
#
#  Out of Memory Error (allocation.cpp:390), pid=6760, tid=0x0000000000001590
#
# JRE version: Java(TM) SE Runtime Environment (8.0_171-b11) (build 1.8.0_171-b11)
# Java VM: Java HotSpot(TM) 64-Bit Server VM (25.171-b11 mixed mode windows-amd64 compressed oops)
# Failed to write core dump. Minidumps are not enabled by default on client versions of Windows
#

---------------  T H R E A D  ---------------

Current thread (0x0000000016da4800):  JavaThread "C2 CompilerThread0" daemon [_thread_in_native, id=5520, stack(0x0000000017ef0000,0x0000000017ff0000)]

Stack: [0x0000000017ef0000,0x0000000017ff0000]
[error occurred during error reporting (printing stack bounds), id 0xc0000005]

Native frames: (J=compiled Java code, j=interpreted, Vv=VM code, C=native code)


Current CompileTask:
C2:  24732 3694   !   4       org.codehaus.plexus.interpolation.StringSearchInterpolator::interpolate (665 bytes)


---------------  P R O C E S S  ---------------

Java Threads: ( => current thread )
  0x000000001b260000 JavaThread "Thread-2" [_thread_in_native, id=2620, stack(0x000000001dd10000,0x000000001de10000)]
  0x0000000018d3d800 JavaThread "Thread-1" [_thread_in_native, id=3700, stack(0x000000001dc10000,0x000000001dd10000)]
  0x0000000018ebd800 JavaThread "ThreadedStreamConsumer" [_thread_blocked, id=2084, stack(0x000000001db10000,0x000000001dc10000)]
  0x000000001a356800 JavaThread "resolver-4" daemon [_thread_blocked, id=5960, stack(0x000000001da10000,0x000000001db10000)]
  0x000000001a355800 JavaThread "resolver-3" daemon [_thread_blocked, id=4904, stack(0x000000001d910000,0x000000001da10000)]
  0x000000001a353000 JavaThread "resolver-2" daemon [_thread_blocked, id=3292, stack(0x000000001d810000,0x000000001d910000)]
  0x000000001a261000 JavaThread "resolver-1" daemon [_thread_blocked, id=2520, stack(0x000000001d710000,0x000000001d810000)]
  0x0000000016e18000 JavaThread "Service Thread" daemon [_thread_blocked, id=4748, stack(0x00000000180f0000,0x00000000181f0000)]
  0x0000000016dac800 JavaThread "C1 CompilerThread1" daemon [_thread_blocked, id=1584, stack(0x0000000017ff0000,0x00000000180f0000)]
=>0x0000000016da4800 JavaThread "C2 CompilerThread0" daemon [_thread_in_native, id=5520, stack(0x0000000017ef0000,0x0000000017ff0000)]
  0x0000000016da3000 JavaThread "Attach Listener" daemon [_thread_blocked, id=6376, stack(0x0000000017df0000,0x0000000017ef0000)]
  0x0000000016d9f800 JavaThread "Signal Dispatcher" daemon [_thread_blocked, id=3468, stack(0x0000000017cf0000,0x0000000017df0000)]
  0x0000000016d88800 JavaThread "Finalizer" daemon [_thread_blocked, id=3912, stack(0x00000000179f0000,0x0000000017af0000)]
  0x00000000049ed800 JavaThread "Reference Handler" daemon [_thread_blocked, id=4532, stack(0x00000000178f0000,0x00000000179f0000)]
  0x00000000046fe800 JavaThread "main" [_thread_in_native, id=4864, stack(0x0000000004700000,0x0000000004800000)]

Other Threads:
  0x0000000016d67000 VMThread [stack: 0x00000000177f0000,0x00000000178f0000] [id=2040]
  0x0000000016e2b000 WatcherThread [stack: 0x00000000185e0000,0x00000000186e0000] [id=5356]

VM state:not at safepoint (normal execution)

VM Mutex/Monitor currently owned by a thread: None

Heap:
 PSYoungGen      total 46080K, used 4886K [0x00000000eb380000, 0x00000000ee900000, 0x0000000100000000)
  eden space 38400K, 9% used [0x00000000eb380000,0x00000000eb730058,0x00000000ed900000)
  from space 7680K, 14% used [0x00000000ee180000,0x00000000ee2957f8,0x00000000ee900000)
  to   space 8192K, 0% used [0x00000000ed900000,0x00000000ed900000,0x00000000ee100000)
 ParOldGen       total 29184K, used 15900K [0x00000000c1a00000, 0x00000000c3680000, 0x00000000eb380000)
  object space 29184K, 54% used [0x00000000c1a00000,0x00000000c29871b0,0x00000000c3680000)
 Metaspace       used 24136K, capacity 24704K, committed 24960K, reserved 1071104K
  class space    used 2939K, capacity 3116K, committed 3200K, reserved 1048576K

Card table byte_map: [0x0000000013dc0000,0x0000000013fc0000] byte_map_base: 0x00000000137b3000

Marking Bits: (ParMarkBitMap*) 0x00000000600508c0
 Begin Bits: [0x0000000014310000, 0x00000000152a8000)
 End Bits:   [0x00000000152a8000, 0x0000000016240000)

Polling page: 0x0000000004650000

CodeCache: size=245760Kb used=10619Kb max_used=10709Kb free=235140Kb
 bounds [0x0000000004a00000, 0x0000000005490000, 0x0000000013a00000]
 total_blobs=3764 nmethods=3357 adapters=321
 compilation: enabled

Compilation events (10 events):
Event: 24.464 Thread 0x0000000016dac800 3711       3       java.util.zip.DeflaterOutputStream::write (88 bytes)
Event: 24.465 Thread 0x0000000016dac800 nmethod 3711 0x0000000004e65050 code [0x0000000004e65240, 0x0000000004e65df8]
Event: 24.465 Thread 0x0000000016dac800 3712       3       java.util.zip.CRC32::update (51 bytes)
Event: 24.465 Thread 0x0000000016dac800 nmethod 3712 0x0000000004c48310 code [0x0000000004c484a0, 0x0000000004c48888]
Event: 24.520 Thread 0x0000000016dac800 3713       3       java.util.Arrays::binarySearch (9 bytes)
Event: 24.520 Thread 0x0000000016dac800 nmethod 3713 0x0000000004bff850 code [0x0000000004bff9c0, 0x0000000004bffb48]
Event: 24.520 Thread 0x0000000016dac800 3714       3       java.lang.ProcessEnvironment$NameComparator::compare (90 bytes)
Event: 24.521 Thread 0x0000000016dac800 nmethod 3714 0x0000000004b69290 code [0x0000000004b694c0, 0x0000000004b6a238]
Event: 24.522 Thread 0x0000000016dac800 3715       3       java.lang.ProcessEnvironment$CheckedEntry::getKey (5 bytes)
Event: 24.522 Thread 0x0000000016dac800 nmethod 3715 0x0000000004e10f50 code [0x0000000004e110c0, 0x0000000004e11428]

GC Heap History (10 events):
Event: 20.871 GC heap before
{Heap before GC invocations=11 (full 1):
 PSYoungGen      total 22016K, used 960K [0x00000000eb380000, 0x00000000eda80000, 0x0000000100000000)
  eden space 15872K, 0% used [0x00000000eb380000,0x00000000eb380000,0x00000000ec300000)
  from space 6144K, 15% used [0x00000000ec980000,0x00000000eca70020,0x00000000ecf80000)
  to   space 6656K, 0% used [0x00000000ec300000,0x00000000ec300000,0x00000000ec980000)
 ParOldGen       total 44032K, used 12113K [0x00000000c1a00000, 0x00000000c4500000, 0x00000000eb380000)
  object space 44032K, 27% used [0x00000000c1a00000,0x00000000c25d4648,0x00000000c4500000)
 Metaspace       used 20641K, capacity 21096K, committed 21248K, reserved 1067008K
  class space    used 2559K, capacity 2729K, committed 2816K, reserved 1048576K
Event: 20.952 GC heap after
Heap after GC invocations=11 (full 1):
 PSYoungGen      total 22016K, used 0K [0x00000000eb380000, 0x00000000eda80000, 0x0000000100000000)
  eden space 15872K, 0% used [0x00000000eb380000,0x00000000eb380000,0x00000000ec300000)
  from space 6144K, 0% used [0x00000000ec980000,0x00000000ec980000,0x00000000ecf80000)
  to   space 6656K, 0% used [0x00000000ec300000,0x00000000ec300000,0x00000000ec980000)
 ParOldGen       total 29184K, used 8652K [0x00000000c1a00000, 0x00000000c3680000, 0x00000000eb380000)
  object space 29184K, 29% used [0x00000000c1a00000,0x00000000c2273338,0x00000000c3680000)
 Metaspace       used 20641K, capacity 21096K, committed 21248K, reserved 1067008K
  class space    used 2559K, capacity 2729K, committed 2816K, reserved 1048576K
}
Event: 21.172 GC heap before
{Heap before GC invocations=12 (full 1):
 PSYoungGen      total 22016K, used 15848K [0x00000000eb380000, 0x00000000eda80000, 0x0000000100000000)
  eden space 15872K, 99% used [0x00000000eb380000,0x00000000ec2fa030,0x00000000ec300000)
  from space 6144K, 0% used [0x00000000ec980000,0x00000000ec980000,0x00000000ecf80000)
  to   space 6656K, 0% used [0x00000000ec300000,0x00000000ec300000,0x00000000ec980000)
 ParOldGen       total 29184K, used 8652K [0x00000000c1a00000, 0x00000000c3680000, 0x00000000eb380000)
  object space 29184K, 29% used [0x00000000c1a00000,0x00000000c2273338,0x00000000c3680000)
 Metaspace       used 22000K, capacity 22504K, committed 22656K, reserved 1069056K
  class space    used 2732K, capacity 2921K, committed 2944K, reserved 1048576K
Event: 21.175 GC heap after
Heap after GC invocations=12 (full 1):
 PSYoungGen      total 22528K, used 538K [0x00000000eb380000, 0x00000000ed900000, 0x0000000100000000)
  eden space 15872K, 0% used [0x00000000eb380000,0x00000000eb380000,0x00000000ec300000)
  from space 6656K, 8% used [0x00000000ec300000,0x00000000ec386988,0x00000000ec980000)
  to   space 6656K, 0% used [0x00000000ed280000,0x00000000ed280000,0x00000000ed900000)
 ParOldGen       total 29184K, used 8660K [0x00000000c1a00000, 0x00000000c3680000, 0x00000000eb380000)
  object space 29184K, 29% used [0x00000000c1a00000,0x00000000c2275338,0x00000000c3680000)
 Metaspace       used 22000K, capacity 22504K, committed 22656K, reserved 1069056K
  class space    used 2732K, capacity 2921K, committed 2944K, reserved 1048576K
}
Event: 21.186 GC heap before
{Heap before GC invocations=13 (full 1):
 PSYoungGen      total 22528K, used 16363K [0x00000000eb380000, 0x00000000ed900000, 0x0000000100000000)
  eden space 15872K, 99% used [0x00000000eb380000,0x00000000ec2f4570,0x00000000ec300000)
  from space 6656K, 8% used [0x00000000ec300000,0x00000000ec386988,0x00000000ec980000)
  to   space 6656K, 0% used [0x00000000ed280000,0x00000000ed280000,0x00000000ed900000)
 ParOldGen       total 29184K, used 8660K [0x00000000c1a00000, 0x00000000c3680000, 0x00000000eb380000)
  object space 29184K, 29% used [0x00000000c1a00000,0x00000000c2275338,0x00000000c3680000)
 Metaspace       used 22000K, capacity 22504K, committed 22656K, reserved 1069056K
  class space    used 2732K, capacity 2921K, committed 2944K, reserved 1048576K
Event: 21.188 GC heap after
Heap after GC invocations=13 (full 1):
 PSYoungGen      total 31232K, used 58K [0x00000000eb380000, 0x00000000eda80000, 0x0000000100000000)
  eden space 24576K, 0% used [0x00000000eb380000,0x00000000eb380000,0x00000000ecb80000)
  from space 6656K, 0% used [0x00000000ed280000,0x00000000ed28eb50,0x00000000ed900000)
  to   space 7168K, 0% used [0x00000000ecb80000,0x00000000ecb80000,0x00000000ed280000)
 ParOldGen       total 29184K, used 9103K [0x00000000c1a00000, 0x00000000c3680000, 0x00000000eb380000)
  object space 29184K, 31% used [0x00000000c1a00000,0x00000000c22e3fb8,0x00000000c3680000)
 Metaspace       used 22000K, capacity 22504K, committed 22656K, reserved 1069056K
  class space    used 2732K, capacity 2921K, committed 2944K, reserved 1048576K
}
Event: 21.913 GC heap before
{Heap before GC invocations=14 (full 1):
 PSYoungGen      total 31232K, used 24634K [0x00000000eb380000, 0x00000000eda80000, 0x0000000100000000)
  eden space 24576K, 100% used [0x00000000eb380000,0x00000000ecb80000,0x00000000ecb80000)
  from space 6656K, 0% used [0x00000000ed280000,0x00000000ed28eb50,0x00000000ed900000)
  to   space 7168K, 0% used [0x00000000ecb80000,0x00000000ecb80000,0x00000000ed280000)
 ParOldGen       total 29184K, used 9103K [0x00000000c1a00000, 0x00000000c3680000, 0x00000000eb380000)
  object space 29184K, 31% used [0x00000000c1a00000,0x00000000c22e3fb8,0x00000000c3680000)
 Metaspace       used 23284K, capacity 23752K, committed 24064K, reserved 1071104K
  class space    used 2858K, capacity 3017K, committed 3072K, reserved 1048576K
Event: 21.926 GC heap after
Heap after GC invocations=14 (full 1):
 PSYoungGen      total 31744K, used 7167K [0x00000000eb380000, 0x00000000ee980000, 0x0000000100000000)
  eden space 24576K, 0% used [0x00000000eb380000,0x00000000eb380000,0x00000000ecb80000)
  from space 7168K, 99% used [0x00000000ecb80000,0x00000000ed27fc48,0x00000000ed280000)
  to   space 8192K, 0% used [0x00000000ee180000,0x00000000ee180000,0x00000000ee980000)
 ParOldGen       total 29184K, used 9131K [0x00000000c1a00000, 0x00000000c3680000, 0x00000000eb380000)
  object space 29184K, 31% used [0x00000000c1a00000,0x00000000c22eadc8,0x00000000c3680000)
 Metaspace       used 23284K, capacity 23752K, committed 24064K, reserved 1071104K
  class space    used 2858K, capacity 3017K, committed 3072K, reserved 1048576K
}
Event: 24.188 GC heap before
{Heap before GC invocations=15 (full 1):
 PSYoungGen      total 31744K, used 31743K [0x00000000eb380000, 0x00000000ee980000, 0x0000000100000000)
  eden space 24576K, 100% used [0x00000000eb380000,0x00000000ecb80000,0x00000000ecb80000)
  from space 7168K, 99% used [0x00000000ecb80000,0x00000000ed27fc48,0x00000000ed280000)
  to   space 8192K, 0% used [0x00000000ee180000,0x00000000ee180000,0x00000000ee980000)
 ParOldGen       total 29184K, used 9131K [0x00000000c1a00000, 0x00000000c3680000, 0x00000000eb380000)
  object space 29184K, 31% used [0x00000000c1a00000,0x00000000c22eadc8,0x00000000c3680000)
 Metaspace       used 23807K, capacity 24416K, committed 24704K, reserved 1071104K
  class space    used 2892K, capacity 3084K, committed 3200K, reserved 1048576K
Event: 24.203 GC heap after
Heap after GC invocations=15 (full 1):
 PSYoungGen      total 46080K, used 1109K [0x00000000eb380000, 0x00000000ee900000, 0x0000000100000000)
  eden space 38400K, 0% used [0x00000000eb380000,0x00000000eb380000,0x00000000ed900000)
  from space 7680K, 14% used [0x00000000ee180000,0x00000000ee2957f8,0x00000000ee900000)
  to   space 8192K, 0% used [0x00000000ed900000,0x00000000ed900000,0x00000000ee100000)
 ParOldGen       total 29184K, used 15900K [0x00000000c1a00000, 0x00000000c3680000, 0x00000000eb380000)
  object space 29184K, 54% used [0x00000000c1a00000,0x00000000c29871b0,0x00000000c3680000)
 Metaspace       used 23807K, capacity 24416K, committed 24704K, reserved 1071104K
  class space    used 2892K, capacity 3084K, committed 3200K, reserved 1048576K
}

Deoptimization events (10 events):
Event: 21.214 Thread 0x00000000046fe800 Uncommon trap: reason=unstable_if action=reinterpret pc=0x0000000004d22c78 method=java.lang.String.regionMatches(ZILjava/lang/String;II)Z @ 41
Event: 21.218 Thread 0x00000000046fe800 Uncommon trap: reason=unstable_if action=reinterpret pc=0x0000000004bb5824 method=sun.misc.URLClassPath$JarLoader.getResource(Ljava/lang/String;Z)Lsun/misc/Resource; @ 62
Event: 21.220 Thread 0x00000000046fe800 Uncommon trap: reason=unstable_if action=reinterpret pc=0x0000000004bafe08 method=java.util.HashMap.putVal(ILjava/lang/Object;Ljava/lang/Object;ZZ)Ljava/lang/Object; @ 193
Event: 21.747 Thread 0x00000000046fe800 Uncommon trap: reason=bimorphic action=maybe_recompile pc=0x00000000050988c8 method=java.util.HashMap.putVal(ILjava/lang/Object;Ljava/lang/Object;ZZ)Ljava/lang/Object; @ 253
Event: 21.749 Thread 0x00000000046fe800 Uncommon trap: reason=bimorphic action=maybe_recompile pc=0x00000000050988c8 method=java.util.HashMap.putVal(ILjava/lang/Object;Ljava/lang/Object;ZZ)Ljava/lang/Object; @ 253
Event: 21.751 Thread 0x00000000046fe800 Uncommon trap: reason=bimorphic action=maybe_recompile pc=0x00000000050b4d7c method=java.util.HashMap.putVal(ILjava/lang/Object;Ljava/lang/Object;ZZ)Ljava/lang/Object; @ 253
Event: 24.074 Thread 0x00000000046fe800 Uncommon trap: reason=unstable_if action=reinterpret pc=0x000000000544f66c method=org.codehaus.plexus.classworlds.realm.Entry.matches(Ljava/lang/String;)Z @ 131
Event: 24.082 Thread 0x00000000046fe800 Uncommon trap: reason=unstable_if action=reinterpret pc=0x00000000053ad378 method=org.apache.maven.model.ConfigurationContainer.clone()Lorg/apache/maven/model/ConfigurationContainer; @ 37
Event: 24.106 Thread 0x00000000046fe800 Uncommon trap: reason=null_check action=make_not_entrant pc=0x000000000546076c method=org.apache.maven.model.io.xpp3.MavenXpp3ReaderEx.checkFieldWithDuplicate(Lorg/codehaus/plexus/util/xml/pull/XmlPullParser;Ljava/lang/String;Ljava/lang/String;Ljava/util/
Event: 24.408 Thread 0x00000000046fe800 Uncommon trap: reason=unstable_if action=reinterpret pc=0x0000000004cb1e14 method=java.lang.Long.stringSize(J)I @ 11

Classes redefined (0 events):
No events

Internal exceptions (10 events):
Event: 14.888 Thread 0x0000000018722800 Exception <a 'java/net/SocketTimeoutException': Read timed out> (0x00000000ec17e918) thrown at [C:\re\workspace\8-2-build-windows-amd64-cygwin\jdk8u171\10807\hotspot\src\share\vm\prims\jni.cpp, line 735]
Event: 15.060 Thread 0x0000000018b0d800 Exception <a 'java/net/SocketTimeoutException': Read timed out> (0x00000000ec225f48) thrown at [C:\re\workspace\8-2-build-windows-amd64-cygwin\jdk8u171\10807\hotspot\src\share\vm\prims\jni.cpp, line 735]
Event: 16.013 Thread 0x00000000187f1800 Exception <a 'java/net/SocketTimeoutException': Read timed out> (0x00000000ec2c6c40) thrown at [C:\re\workspace\8-2-build-windows-amd64-cygwin\jdk8u171\10807\hotspot\src\share\vm\prims\jni.cpp, line 735]
Event: 16.651 Thread 0x00000000046fe800 Exception <a 'java/lang/NoClassDefFoundError': org/slf4j/Logger> (0x00000000eb6be510) thrown at [C:\re\workspace\8-2-build-windows-amd64-cygwin\jdk8u171\10807\hotspot\src\share\vm\oops\constantPool.cpp, line 235]
Event: 19.571 Thread 0x00000000046fe800 Exception <a 'java/lang/NoClassDefFoundError': org/slf4j/Logger> (0x00000000eb736ad8) thrown at [C:\re\workspace\8-2-build-windows-amd64-cygwin\jdk8u171\10807\hotspot\src\share\vm\oops\constantPool.cpp, line 235]
Event: 20.235 Thread 0x00000000046fe800 Exception <a 'java/lang/NoClassDefFoundError': org/slf4j/Logger> (0x00000000ebd0ba68) thrown at [C:\re\workspace\8-2-build-windows-amd64-cygwin\jdk8u171\10807\hotspot\src\share\vm\oops\constantPool.cpp, line 235]
Event: 21.422 Thread 0x00000000046fe800 Exception <a 'java/io/FileNotFoundException'> (0x00000000ebe3dd98) thrown at [C:\re\workspace\8-2-build-windows-amd64-cygwin\jdk8u171\10807\hotspot\src\share\vm\prims\jni.cpp, line 709]
Event: 21.446 Thread 0x00000000046fe800 Exception <a 'java/io/FileNotFoundException'> (0x00000000ebe94750) thrown at [C:\re\workspace\8-2-build-windows-amd64-cygwin\jdk8u171\10807\hotspot\src\share\vm\prims\jni.cpp, line 709]
Event: 24.019 Thread 0x00000000046fe800 Exception <a 'java/lang/NoClassDefFoundError': org/slf4j/Logger> (0x00000000ec32e010) thrown at [C:\re\workspace\8-2-build-windows-amd64-cygwin\jdk8u171\10807\hotspot\src\share\vm\oops\constantPool.cpp, line 235]
Event: 24.106 Thread 0x00000000046fe800 Implicit null exception at 0x000000000546055e to 0x000000000546074d

Events (10 events):
Event: 24.526 loading class org/codehaus/plexus/util/cli/AbstractStreamHandler
Event: 24.526 loading class org/codehaus/plexus/util/cli/AbstractStreamHandler done
Event: 24.527 Thread 0x0000000018d3d800 Thread added: 0x0000000018d3d800
Event: 24.527 Thread 0x000000001b260000 Thread added: 0x000000001b260000
Event: 24.527 loading class org/codehaus/plexus/util/cli/ShutdownHookUtils
Event: 24.527 loading class org/codehaus/plexus/util/cli/ShutdownHookUtils done
Event: 24.527 loading class org/codehaus/plexus/util/cli/ShutdownHookUtils
Event: 24.527 loading class org/codehaus/plexus/util/cli/ShutdownHookUtils done
Event: 24.527 loading class java/security/AccessControlException
Event: 24.527 loading class java/security/AccessControlException done


Dynamic libraries:
0x00007ff7c3730000 - 0x00007ff7c3767000 	C:\Program Files\Java\jdk1.8.0_171\bin\java.exe
0x00007ffe41190000 - 0x00007ffe41370000 	C:\Windows\SYSTEM32\ntdll.dll
0x00007ffe3ece0000 - 0x00007ffe3ed8e000 	C:\Windows\System32\KERNEL32.DLL
0x00007ffe3d9f0000 - 0x00007ffe3dc56000 	C:\Windows\System32\KERNELBASE.dll
0x00007ffe40600000 - 0x00007ffe406a1000 	C:\Windows\System32\ADVAPI32.dll
0x00007ffe40ad0000 - 0x00007ffe40b6d000 	C:\Windows\System32\msvcrt.dll
0x00007ffe40b70000 - 0x00007ffe40bcb000 	C:\Windows\System32\sechost.dll
0x00007ffe3edf0000 - 0x00007ffe3ef0f000 	C:\Windows\System32\RPCRT4.dll
0x00007ffe40750000 - 0x00007ffe408df000 	C:\Windows\System32\USER32.dll
0x00007ffe3dc60000 - 0x00007ffe3dc80000 	C:\Windows\System32\win32u.dll
0x00007ffe3eab0000 - 0x00007ffe3ead8000 	C:\Windows\System32\GDI32.dll
0x00007ffe3dd70000 - 0x00007ffe3df03000 	C:\Windows\System32\gdi32full.dll
0x00007ffe3dcd0000 - 0x00007ffe3dd6b000 	C:\Windows\System32\msvcp_win.dll
0x00007ffe3d590000 - 0x00007ffe3d686000 	C:\Windows\System32\ucrtbase.dll
0x00007ffe33c50000 - 0x00007ffe33eb9000 	C:\Windows\WinSxS\amd64_microsoft.windows.common-controls_6595b64144ccf1df_6.0.16299.492_none_15c8d3609364b9b0\COMCTL32.dll
0x00007ffe40be0000 - 0x00007ffe40ee7000 	C:\Windows\System32\combase.dll
0x00007ffe3d8c0000 - 0x00007ffe3d932000 	C:\Windows\System32\bcryptPrimitives.dll
0x00007ffe3ef90000 - 0x00007ffe3efbd000 	C:\Windows\System32\IMM32.DLL
0x000000005f750000 - 0x000000005f822000 	C:\Program Files\Java\jdk1.8.0_171\jre\bin\msvcr100.dll
0x000000005f830000 - 0x00000000600d0000 	C:\Program Files\Java\jdk1.8.0_171\jre\bin\server\jvm.dll
0x00007ffe3ef10000 - 0x00007ffe3ef18000 	C:\Windows\System32\PSAPI.DLL
0x00007ffe2bca0000 - 0x00007ffe2bca9000 	C:\Windows\SYSTEM32\WSOCK32.dll
0x00007ffe3f130000 - 0x00007ffe3f19c000 	C:\Windows\System32\WS2_32.dll
0x00007ffe3b710000 - 0x00007ffe3b733000 	C:\Windows\SYSTEM32\WINMM.dll
0x00007ffe36880000 - 0x00007ffe3688a000 	C:\Windows\SYSTEM32\VERSION.dll
0x00007ffe3b6c0000 - 0x00007ffe3b6ea000 	C:\Windows\SYSTEM32\WINMMBASE.dll
0x00007ffe3dc80000 - 0x00007ffe3dcca000 	C:\Windows\System32\cfgmgr32.dll
0x000000005f700000 - 0x000000005f70f000 	C:\Program Files\Java\jdk1.8.0_171\jre\bin\verify.dll
0x000000005f6d0000 - 0x000000005f6f9000 	C:\Program Files\Java\jdk1.8.0_171\jre\bin\java.dll
0x000000005f6b0000 - 0x000000005f6c6000 	C:\Program Files\Java\jdk1.8.0_171\jre\bin\zip.dll
0x00007ffe3f1a0000 - 0x00007ffe405d8000 	C:\Windows\System32\SHELL32.dll
0x00007ffe3ec30000 - 0x00007ffe3ecd6000 	C:\Windows\System32\shcore.dll
0x00007ffe3df10000 - 0x00007ffe3e657000 	C:\Windows\System32\windows.storage.dll
0x00007ffe3ed90000 - 0x00007ffe3ede1000 	C:\Windows\System32\shlwapi.dll
0x00007ffe3d570000 - 0x00007ffe3d581000 	C:\Windows\System32\kernel.appcore.dll
0x00007ffe3d500000 - 0x00007ffe3d54c000 	C:\Windows\System32\powrprof.dll
0x00007ffe3d550000 - 0x00007ffe3d56b000 	C:\Windows\System32\profapi.dll
0x000000005f690000 - 0x000000005f6aa000 	C:\Program Files\Java\jdk1.8.0_171\jre\bin\net.dll
0x00007ffe3cd10000 - 0x00007ffe3cd76000 	C:\Windows\system32\mswsock.dll
0x000000005f670000 - 0x000000005f681000 	C:\Program Files\Java\jdk1.8.0_171\jre\bin\nio.dll
0x000000005f310000 - 0x000000005f334000 	C:\Program Files\Java\jdk1.8.0_171\jre\bin\sunec.dll
0x00007ffe3caa0000 - 0x00007ffe3cad9000 	C:\Windows\SYSTEM32\IPHLPAPI.DLL
0x00007ffe40bd0000 - 0x00007ffe40bd8000 	C:\Windows\System32\NSI.dll
0x00007ffe38c40000 - 0x00007ffe38c56000 	C:\Windows\SYSTEM32\dhcpcsvc6.DLL
0x00007ffe38a80000 - 0x00007ffe38a9a000 	C:\Windows\SYSTEM32\dhcpcsvc.DLL
0x00007ffe3cf30000 - 0x00007ffe3cf47000 	C:\Windows\SYSTEM32\CRYPTSP.dll
0x00007ffe3c910000 - 0x00007ffe3c943000 	C:\Windows\system32\rsaenh.dll
0x00007ffe3d040000 - 0x00007ffe3d065000 	C:\Windows\SYSTEM32\bcrypt.dll
0x00007ffe3d3e0000 - 0x00007ffe3d409000 	C:\Windows\SYSTEM32\USERENV.dll
0x00007ffe3cf50000 - 0x00007ffe3cf5b000 	C:\Windows\SYSTEM32\CRYPTBASE.dll
0x00007ffe3cae0000 - 0x00007ffe3cb96000 	C:\Windows\SYSTEM32\DNSAPI.dll
0x0000000060250000 - 0x0000000060276000 	C:\Program Files\Bonjour\mdnsNSP.dll
0x00007ffe37800000 - 0x00007ffe3780a000 	C:\Windows\System32\rasadhlp.dll
0x00007ffe39fa0000 - 0x00007ffe3a010000 	C:\Windows\System32\fwpuclnt.dll

VM Arguments:
jvm_args: -Dclassworlds.conf=C:\Program Files\NetBeans 8.2\java\maven\bin\m2.conf -Dmaven.home=C:\Program Files\NetBeans 8.2\java\maven 
java_command: org.codehaus.plexus.classworlds.launcher.Launcher -Dmaven.ext.class.path=C:\Program Files\NetBeans 8.2\java\maven-nblib\netbeans-eventspy.jar -Dfile.encoding=UTF-8 clean install
java_class_path (initial): C:\Program Files\NetBeans 8.2\java\maven\boot\plexus-classworlds-2.4.jar
Launcher Type: SUN_STANDARD

Environment Variables:
JAVA_HOME=C:\Program Files\Java\jdk1.8.0_171
PATH=C:\Program Files\Java\jdk1.8.0_171\bin;C:\Windows\system32;C:\Windows;C:\Windows\System32\Wbem;C:\Windows\System32\WindowsPowerShell\v1.0\;C:\Program Files\PuTTY\;C:\Program Files (x86)\Common Files\Oracle\Java\javapath;C:\Users\student02\AppData\Local\Microsoft\WindowsApps;
USERNAME=hovercat
OS=Windows_NT
PROCESSOR_IDENTIFIER=Intel64 Family 6 Model 23 Stepping 10, GenuineIntel



---------------  S Y S T E M  ---------------

OS: Windows 10.0 , 64 bit Build 16299 (10.0.16299.431)

CPU:total 2 (initial active 2) (2 cores per cpu, 1 threads per core) family 6 model 23 stepping 10, cmov, cx8, fxsr, mmx, sse, sse2, sse3, ssse3, sse4.1, tsc

Memory: 4k page, physical 4085508k(656068k free), swap 4085508k(5292k free)

vm_info: Java HotSpot(TM) 64-Bit Server VM (25.171-b11) for windows-amd64 JRE (1.8.0_171-b11), built on Mar 28 2018 16:06:12 by "java_re" with MS VC++ 10.0 (VS2010)

time: Thu Jun 14 14:55:53 2018
elapsed time: 24 seconds (0d 0h 0m 24s)

